SF:lib/app/data/models/movie_list_item.dart
DA:22,0
DA:23,0
DA:27,39
DA:29,0
DA:31,0
DA:34,0
DA:37,0
DA:39,0
LF:8
LH:1
end_of_record
SF:lib/app/data/models/movie_list_item.g.dart
DA:9,0
DA:10,0
DA:11,0
DA:12,0
DA:13,0
DA:14,0
DA:15,0
DA:16,0
DA:17,0
DA:18,0
DA:19,0
DA:22,0
DA:23,0
DA:24,0
DA:25,0
DA:26,0
DA:27,0
DA:28,0
DA:29,0
DA:30,0
DA:31,0
DA:34,0
DA:38,0
LF:23
LH:0
end_of_record
SF:lib/app/presentation/stores/movie_list_store.g.dart
DA:12,4
DA:13,2
DA:15,2
DA:17,4
DA:18,2
DA:21,2
DA:23,2
DA:24,6
DA:25,2
DA:29,4
DA:31,2
DA:33,2
DA:35,4
DA:36,2
DA:39,2
DA:41,2
DA:42,6
DA:43,2
DA:47,2
DA:48,4
DA:50,2
DA:52,4
DA:53,2
DA:56,2
DA:58,8
DA:59,2
DA:63,2
DA:64,4
DA:66,2
DA:68,4
DA:69,2
DA:72,2
DA:74,8
DA:75,2
DA:79,2
DA:80,4
DA:82,2
DA:84,4
DA:85,2
DA:88,2
DA:90,8
DA:91,2
DA:95,2
DA:96,4
DA:98,2
DA:100,4
DA:101,2
DA:104,2
DA:106,8
DA:107,2
DA:111,2
DA:112,4
DA:114,2
DA:116,4
DA:119,2
DA:121,4
DA:125,2
DA:127,4
DA:130,2
DA:132,4
DA:136,2
DA:138,4
DA:141,2
DA:143,4
DA:147,2
DA:149,4
DA:152,2
DA:154,4
DA:158,2
DA:160,4
DA:163,2
DA:165,4
DA:169,2
DA:171,4
DA:174,2
DA:176,4
DA:180,1
DA:182,2
DA:185,1
DA:187,2
DA:191,0
DA:194,0
DA:195,0
DA:196,0
DA:197,0
DA:198,0
DA:199,0
DA:200,0
LF:88
LH:80
end_of_record
SF:lib/app/presentation/stores/movie_list_store.dart
DA:12,2
DA:13,2
DA:18,2
DA:20,2
DA:25,2
DA:26,2
DA:31,2
DA:32,2
DA:37,2
DA:38,2
DA:43,2
DA:44,2
DA:46,1
DA:48,1
DA:49,1
DA:50,2
DA:51,1
DA:52,1
DA:53,1
LF:19
LH:19
end_of_record
SF:lib/app/presentation/stores/movie_list_page_store.g.dart
DA:12,0
LF:1
LH:0
end_of_record
SF:lib/app/presentation/stores/movie_search_page_store.g.dart
DA:12,1
DA:13,2
DA:15,1
DA:17,2
DA:18,1
DA:21,1
DA:23,4
DA:24,1
DA:28,1
DA:29,2
DA:31,1
DA:33,1
DA:34,1
DA:36,1
DA:38,2
DA:42,0
DA:45,0
DA:46,0
LF:18
LH:15
end_of_record
SF:lib/app/presentation/stores/movie_search_page_store.dart
DA:13,1
DA:14,1
LF:2
LH:2
end_of_record
SF:lib/app/data/datasources/movies_remote_datasource.dart
DA:31,1
DA:33,1
DA:38,3
DA:42,2
DA:45,1
DA:50,3
DA:54,2
DA:57,1
DA:60,3
DA:64,2
DA:67,1
DA:73,3
DA:78,2
DA:81,1
DA:83,4
DA:87,2
DA:90,1
DA:93,4
DA:97,2
LF:19
LH:19
end_of_record
SF:lib/app/data/models/movie_credits.dart
DA:14,1
DA:15,1
LF:2
LH:2
end_of_record
SF:lib/app/data/models/movie_credits.g.dart
DA:9,1
DA:10,1
DA:11,1
DA:12,1
DA:13,3
DA:14,1
DA:17,0
DA:18,0
DA:19,0
DA:20,0
LF:10
LH:6
end_of_record
SF:lib/app/data/models/movie_details.dart
DA:16,1
DA:17,1
LF:2
LH:2
end_of_record
SF:lib/app/data/models/movie_details.g.dart
DA:9,1
DA:10,1
DA:11,1
DA:12,1
DA:13,3
DA:14,1
DA:15,1
DA:16,1
DA:19,0
DA:20,0
DA:21,0
DA:22,0
DA:23,0
DA:24,0
LF:14
LH:8
end_of_record
SF:lib/app/data/models/movies_list_response.dart
DA:18,1
DA:19,1
LF:2
LH:2
end_of_record
SF:lib/app/data/models/movies_list_response.g.dart
DA:9,1
DA:11,1
DA:12,1
DA:13,1
DA:14,1
DA:15,1
DA:16,1
DA:17,1
DA:20,0
DA:22,0
DA:23,0
DA:24,0
DA:25,0
DA:26,0
LF:14
LH:8
end_of_record
SF:lib/app/data/models/genre.dart
DA:13,2
LF:1
LH:1
end_of_record
SF:lib/app/data/models/genre.g.dart
DA:9,2
DA:10,1
DA:11,1
DA:14,0
DA:15,0
DA:16,0
DA:17,0
LF:7
LH:3
end_of_record
SF:lib/app/data/models/movie_cast.dart
DA:15,1
DA:16,1
LF:2
LH:2
end_of_record
SF:lib/app/data/models/movie_cast.g.dart
DA:9,1
DA:10,1
DA:11,1
DA:12,1
DA:13,1
DA:14,1
DA:17,0
DA:18,0
DA:19,0
DA:20,0
DA:21,0
DA:22,0
LF:12
LH:6
end_of_record
SF:lib/app/data/repositories/movies_repository_impl.dart
DA:12,1
DA:14,1
DA:20,1
DA:21,2
DA:24,2
DA:28,1
DA:34,1
DA:35,2
DA:38,2
DA:42,1
DA:48,1
DA:49,2
DA:52,2
DA:56,1
DA:63,1
DA:64,2
DA:71,2
DA:75,1
DA:81,1
DA:82,2
DA:88,2
DA:92,1
DA:98,1
DA:99,2
DA:105,2
LF:25
LH:25
end_of_record
SF:lib/shared/failures/failure.dart
DA:4,7
DA:5,7
LF:2
LH:2
end_of_record
SF:lib/app/di.dart
DA:16,1
DA:22,2
DA:29,0
DA:30,0
DA:33,0
DA:34,0
DA:35,0
DA:36,0
DA:42,0
DA:43,0
DA:46,0
DA:47,0
DA:50,0
DA:52,0
DA:53,0
DA:54,0
DA:55,0
DA:56,0
DA:57,0
DA:60,0
LF:20
LH:2
end_of_record
SF:lib/app/domain/usecases/get_movie_credits_use_case.dart
DA:12,1
DA:14,1
DA:17,4
LF:3
LH:3
end_of_record
SF:lib/app/domain/usecases/get_movie_details_use_case.dart
DA:12,1
DA:14,1
DA:18,2
DA:19,1
DA:20,1
LF:5
LH:5
end_of_record
SF:lib/app/domain/usecases/get_not_playing_movies_list_use_case.dart
DA:12,1
DA:14,1
DA:18,2
DA:19,1
DA:20,1
LF:5
LH:5
end_of_record
SF:lib/app/domain/usecases/get_popular_movies_list_use_case.dart
DA:12,1
DA:14,1
DA:18,4
LF:3
LH:3
end_of_record
SF:lib/app/domain/usecases/get_top_rated_movies_list_use_case.dart
DA:12,1
DA:14,1
DA:18,2
DA:19,1
DA:20,1
LF:5
LH:5
end_of_record
SF:lib/app/domain/usecases/search_movie_by_title_use_case.dart
DA:13,1
DA:15,1
DA:18,2
DA:19,1
DA:20,1
DA:21,1
LF:6
LH:6
end_of_record
SF:lib/app/domain/entities/get_movie_credits_use_case_params.dart
DA:5,1
LF:1
LH:1
end_of_record
SF:lib/app/domain/entities/get_movie_details_use_case_params.dart
DA:5,1
LF:1
LH:1
end_of_record
SF:lib/app/domain/entities/get_movies_list_use_case_params.dart
DA:5,4
LF:1
LH:1
end_of_record
SF:lib/app/domain/entities/search_movie_by_title_use_case_params.dart
DA:6,1
LF:1
LH:1
end_of_record
SF:lib/app/presentation/controllers/movie_list_page_controller.dart
DA:16,1
DA:23,2
DA:24,2
DA:25,2
DA:28,2
DA:29,2
DA:30,2
DA:33,2
DA:34,2
DA:35,2
DA:38,1
DA:44,1
DA:45,1
DA:46,1
DA:47,1
DA:48,1
DA:49,2
DA:50,1
DA:51,1
DA:52,2
DA:53,2
DA:55,1
DA:58,1
DA:59,5
DA:61,2
DA:62,4
DA:64,2
DA:65,4
DA:67,1
DA:73,1
DA:74,1
DA:75,3
DA:76,1
DA:79,1
DA:80,1
DA:81,1
DA:82,2
DA:86,1
DA:87,1
DA:88,4
DA:89,2
DA:91,1
LF:42
LH:42
end_of_record
SF:lib/shared/utils/dartz_x.dart
DA:4,2
DA:5,0
LF:2
LH:1
end_of_record
SF:lib/app/presentation/stores/movie_details_page_store.g.dart
DA:12,2
DA:14,1
DA:16,1
DA:18,2
DA:19,1
DA:22,1
DA:24,1
DA:25,3
DA:26,1
DA:30,2
DA:32,1
DA:34,1
DA:36,2
DA:37,1
DA:40,1
DA:42,3
DA:43,1
DA:44,1
DA:48,1
DA:49,2
DA:51,1
DA:53,2
DA:54,1
DA:57,1
DA:59,4
DA:60,1
DA:64,2
DA:66,1
DA:68,1
DA:70,2
DA:71,1
DA:74,1
DA:76,1
DA:77,3
DA:78,1
DA:82,2
DA:84,1
DA:86,1
DA:88,2
DA:89,1
DA:92,1
DA:94,3
DA:95,1
DA:96,1
DA:100,1
DA:101,2
DA:103,1
DA:105,2
DA:106,1
DA:109,1
DA:111,4
DA:112,1
DA:116,2
DA:118,1
DA:120,1
DA:122,2
DA:123,1
DA:126,1
DA:128,1
DA:129,3
DA:130,1
DA:134,1
DA:135,2
DA:137,1
DA:140,2
DA:143,1
DA:145,2
DA:149,1
DA:152,2
DA:155,1
DA:157,2
DA:161,1
DA:163,1
DA:164,1
DA:166,1
DA:168,2
DA:172,1
DA:175,2
DA:178,1
DA:180,2
DA:184,1
DA:187,2
DA:190,1
DA:192,2
DA:196,1
DA:198,1
DA:199,1
DA:201,1
DA:203,2
DA:207,1
DA:210,2
DA:213,1
DA:215,2
DA:219,0
DA:222,0
DA:223,0
DA:224,0
DA:225,0
DA:226,0
DA:227,0
DA:228,0
DA:229,0
LF:102
LH:93
end_of_record
SF:lib/app/presentation/stores/movie_details_page_store.dart
DA:15,1
DA:17,1
DA:22,1
DA:23,1
DA:28,1
DA:30,1
DA:35,1
DA:37,1
DA:42,1
DA:43,1
DA:48,1
DA:50,1
DA:55,1
DA:57,1
LF:14
LH:14
end_of_record
